<?xml version="1.0" encoding="UTF-8"?>
<!-- Generated by org.testng.reporters.JUnitXMLReporter -->
<testsuite hostname="DESKTOP-3R73L8V" ignored="0" name="Default test" tests="4" failures="0" timestamp="2020-11-21T16:58:20 IST" time="27.533" errors="0">
  <testcase name="loginTest" time="13.221" classname="datadriventesting.DataDrivenTest"/>
  <testcase name="loginTest" time="1.634" classname="datadriventesting.DataDrivenTest"/>
  <testcase name="loginTest" time="1.568" classname="datadriventesting.DataDrivenTest"/>
  <testcase name="loginTest" time="1.609" classname="datadriventesting.DataDrivenTest"/>
</testsuite> <!-- Default test -->
